This is pdfTeX, Version 3.141592653-2.6-1.40.27 (TeX Live 2025) (preloaded format=pdflatex 2025.5.10)  18 JUL 2025 07:21
entering extended mode
 restricted \write18 enabled.
 file:line:error style messages enabled.
 %&-line parsing enabled.
**c:/Users/mdogg/Desktop/Projects/hunters_and_escorts_v2/main.tex
(c:/Users/mdogg/Desktop/Projects/hunters_and_escorts_v2/main.tex
LaTeX2e <2024-11-01> patch level 2
L3 programming layer <2025-04-14>

! LaTeX Error: File `cup-ino.cls' not found.

Type X to quit or <RETURN> to proceed,
or enter new name. (Default extension: cls)

Enter file name: 
c:/Users/mdogg/Desktop/Projects/hunters_and_escorts_v2/main.tex:2: Emergency stop.
<read *> 
         
l.2 \usepackage
               [utf8]{inputenc}^^M
*** (cannot \read from terminal in nonstop modes)

 
Here is how much of TeX's memory you used:
 20 strings out of 469608
 571 string characters out of 5474779
 424186 words of memory out of 5000000
 26953 multiletter control sequences out of 15000+600000
 626825 words of font info for 40 fonts, out of 8000000 for 9000
 1141 hyphenation exceptions out of 8191
 19i,0n,29p,126b,17s stack positions out of 10000i,1000n,20000p,200000b,200000s
c:/Users/mdogg/Desktop/Projects/hunters_and_escorts_v2/main.tex:2:  ==> Fatal error occurred, no output PDF file produced!
